Removed Pin From Net: NetName=GND Pin=C2-2
Removed Pin From Net: NetName=BAT Pin=C4-1
Removed Pin From Net: NetName=V_MOTOR Pin=C5-1
Removed Pin From Net: NetName=GND Pin=P1-2
Removed Pin From Net: NetName=GND Pin=R2-1
Removed Pin From Net: NetName=5V Pin=R2-2
Removed Pin From Net: NetName=5V Pin=R3-2
Removed Pin From Net: NetName=5V Pin=R6-2
Removed Pin From Net: NetName=BAT Pin=R7-1
Removed Pin From Net: NetName=GND Pin=R9-1
Removed Pin From Net: NetName=VCC_5V Pin=R10-2
Removed Pin From Net: NetName=5V Pin=R11-2
Removed Pin From Net: NetName=V_MOTOR Pin=R14-2
Removed Pin From Net: NetName=BAT Pin=U1-1
Removed Pin From Net: NetName=BAT Pin=U1-2
Removed Pin From Net: NetName=IP- Pin=U1-3
Removed Pin From Net: NetName=IP- Pin=U1-4
Removed Pin From Net: NetName=GND Pin=U1-5
Removed Pin From Net: NetName=VCC_5V Pin=U1-8
Removed Pin From Net: NetName=BAT Pin=U2-5
Removed Pin From Net: NetName=5V Pin=U2-8
Removed Pin From Net: NetName=GND Pin=U2-9
Removed Pin From Net: NetName=V_MOTOR Pin=U3-4
Removed Pin From Net: NetName=VCC_5V Pin=U3-5
Change Component DesignItemId : Designator=U1 Old DesignItemId=ACS712ELCTR-05B-T New DesignItemId=HY2120
Change Component DesignItemId : Designator=P1 Old DesignItemId=Header 2 New DesignItemId=Header 3H
Change Component DesignItemId : Designator=U3 Old DesignItemId=LM321 New DesignItemId=8205A
Change Component DesignItemId : Designator=U2 Old DesignItemId=LP28300BSPF New DesignItemId=HM4033
Change Component Footprint: Designator=C5 Old Footprint=C-0603 New Footprint=C-0402
Change Component Footprint: Designator=U2 Old Footprint=ESOP8 New Footprint=SOT-23-6L
Change Component Footprint: Designator=P1 Old Footprint=HDR1X2 New Footprint=HDR1X3H
Change Component Footprint: Designator=R4 Old Footprint=R-0603 New Footprint=R-0402
Change Component Footprint: Designator=R9 Old Footprint=R-0603 New Footprint=R-0402
Change Component Footprint: Designator=R10 Old Footprint=R-0603 New Footprint=R-0402
Change Component Footprint: Designator=U1 Old Footprint=SOIC8 New Footprint=SOT-23-6L
Change Component Footprint: Designator=U3 Old Footprint=SOT-23-5 New Footprint=TSSOP8
Change Component Comment : Designator=C2 Old Comment=0.01uF New Comment=22uF
Change Component Comment : Designator=R4 Old Comment=1.1K New Comment=10K
Change Component Comment : Designator=R2 Old Comment=1K New Comment=60K
Change Component Comment : Designator=C5 Old Comment=1nF New Comment=1uF
Change Component Comment : Designator=R6 Old Comment=2K New Comment=330R
Change Component Comment : Designator=R3 Old Comment=3.9K New Comment=10K
Change Component Comment : Designator=L1 Old Comment=4.7uH New Comment=10uH
Change Component Comment : Designator=C1 Old Comment=10uF New Comment=47uF
Change Component Comment : Designator=C4 Old Comment=22uF New Comment=4.7uF
Change Component Comment : Designator=C3 Old Comment=47nF New Comment=47uF
Change Component Comment : Designator=R7 Old Comment=50mR New Comment=60mR
Change Component Comment : Designator=R12 Old Comment=100K New Comment=2K
Change Component Comment : Designator=R10 Old Comment=100K New Comment=4.7K
Change Component Comment : Designator=R11 Old Comment=100K New Comment=330R
Change Component Comment : Designator=R9 Old Comment=100K New Comment=470K
Change Component Comment : Designator=U1 Old Comment=ACS712ELCTR-05B-T New Comment=HY2120-CB
Change Component Comment : Designator=U4 Old Comment=AMS1117-5V New Comment=AMS1117-3.3V
Change Component Comment : Designator=P1 Old Comment=Header 2 New Comment=Header 3H
Change Component Comment : Designator=U3 Old Comment=LM321 New Comment=8205A
Change Component Comment : Designator=U2 Old Comment=LP28300BSPF New Comment=HM4033
Added Component: Designator=C11(C-0402)
Added Component: Designator=C12(C-0402)
Added Component: Designator=D6(DSMD)
Added Component: Designator=Q2(SOT-23)
Added Component: Designator=Q3(SOT-23)
Added Component: Designator=U7(TSSOP8)
Added Component: Designator=U8(SOT-23-6L)
Added Pin To Net: NetName=GND Pin=C2-1
Added Pin To Net: NetName=IP- Pin=C2-2
Added Pin To Net: NetName=GND Pin=C3-1
Added Pin To Net: NetName=BAT Pin=C3-2
Added Pin To Net: NetName=GND Pin=C5-1
Added Pin To Net: NetName=IP- Pin=C5-2
Added Pin To Net: NetName=BAT Pin=D6-1
Added Pin To Net: NetName=BAT Pin=Q2-2
Added Pin To Net: NetName=IP- Pin=Q2-3
Added Pin To Net: NetName=GND Pin=Q3-2
Added Pin To Net: NetName=BAT Pin=R2-1
Added Pin To Net: NetName=GND Pin=R3-2
Added Pin To Net: NetName=BAT Pin=R6-2
Added Pin To Net: NetName=5V Pin=R7-2
Added Pin To Net: NetName=BAT Pin=R9-2
Added Pin To Net: NetName=V_MOTOR Pin=R10-1
Added Pin To Net: NetName=5V Pin=U2-3
Added Pin To Net: NetName=GND Pin=U2-6
Added Pin To Net: NetName=GND Pin=U3-3
Added Pin To Net: NetName=GND Pin=U7-6
Added Pin To Net: NetName=GND Pin=U7-7
Added Pin To Net: NetName=GND Pin=U8-1
Added Pin To Net: NetName=GND Pin=U8-3
Added Pin To Net: NetName=BAT- Pin=C11-1
Added Pin To Net: NetName=BAT- Pin=C12-1
Added Pin To Net: NetName=BAT- Pin=P1-3
Added Pin To Net: NetName=BAT- Pin=U1-6
Added Pin To Net: NetName=BAT- Pin=U3-6
Added Pin To Net: NetName=BAT- Pin=U3-7
Added Pin To Net: NetName=BAT- Pin=U7-2
Added Pin To Net: NetName=BAT- Pin=U7-3
Added Net: Name=BAT-
Added Pin To Net: NetName=DRV Pin=U2-5
Added Pin To Net: NetName=DRV Pin=U8-4
Added Pin To Net: NetName=DRV Pin=U8-6
Added Net: Name=DRV
Added Pin To Net: NetName=FB Pin=R2-2
Added Pin To Net: NetName=FB Pin=R3-1
Added Pin To Net: NetName=FB Pin=U2-2
Added Net: Name=FB
Added Pin To Net: NetName=M_GND Pin=P1-2
Added Pin To Net: NetName=M_GND Pin=R11-2
Added Net: Name=M_GND
Added Pin To Net: NetName=NetC4_1 Pin=C4-1
Added Pin To Net: NetName=NetC4_1 Pin=U2-4
Added Net: Name=NetC4_1
Added Pin To Net: NetName=NetC11_2 Pin=C11-2
Added Pin To Net: NetName=NetC11_2 Pin=R6-1
Added Pin To Net: NetName=NetC11_2 Pin=U1-5
Added Net: Name=NetC11_2
Added Pin To Net: NetName=NetC12_2 Pin=C12-2
Added Pin To Net: NetName=NetC12_2 Pin=R11-1
Added Pin To Net: NetName=NetC12_2 Pin=U1-4
Added Net: Name=NetC12_2
Added Pin To Net: NetName=NetD6_3 Pin=L1-2
Added Pin To Net: NetName=NetD6_3 Pin=U8-2
Added Pin To Net: NetName=NetD6_3 Pin=U8-5
Added Net: Name=NetD6_3
Added Pin To Net: NetName=NetL1_1 Pin=L1-1
Added Pin To Net: NetName=NetL1_1 Pin=R7-1
Added Pin To Net: NetName=NetL1_1 Pin=U2-1
Added Net: Name=NetL1_1
Added Pin To Net: NetName=NetQ2_1 Pin=Q2-1
Added Pin To Net: NetName=NetQ2_1 Pin=Q3-3
Added Pin To Net: NetName=NetQ2_1 Pin=R9-1
Added Net: Name=NetQ2_1
Added Pin To Net: NetName=NetQ3_1 Pin=Q3-1
Added Pin To Net: NetName=NetQ3_1 Pin=R4-2
Added Pin To Net: NetName=NetQ3_1 Pin=R10-2
Added Net: Name=NetQ3_1
Added Pin To Net: NetName=NetR12_2 Pin=R12-2
Added Pin To Net: NetName=NetR12_2 Pin=U1-3
Added Net: Name=NetR12_2
Added Pin To Net: NetName=NetU3_1 Pin=U3-1
Added Pin To Net: NetName=NetU3_1 Pin=U3-8
Added Pin To Net: NetName=NetU3_1 Pin=U7-1
Added Pin To Net: NetName=NetU3_1 Pin=U7-8
Added Net: Name=NetU3_1
Added Pin To Net: NetName=OC Pin=U1-2
Added Pin To Net: NetName=OC Pin=U3-4
Added Pin To Net: NetName=OC Pin=U7-5
Added Net: Name=OC
Added Pin To Net: NetName=OD Pin=U1-1
Added Pin To Net: NetName=OD Pin=U3-5
Added Pin To Net: NetName=OD Pin=U7-4
Added Net: Name=OD
