


ARM Macro Assembler    Page 1 


    1 00000000         ;/******************************************************
                       ************************
    2 00000000         ; * @file     startup_SNC7312.s
    3 00000000         ; * @brief    CMSIS Cortex-M0 Core Device Startup File
    4 00000000         ; *           for the SONIX SNC7312 Device Series
    5 00000000         ; * @version  V1.0
    6 00000000         ; * @date     June 2015
    7 00000000         ; *------- <<< Use Configuration Wizard in Context Menu 
                       >>> ------------------
    8 00000000         ; *
    9 00000000         ; * @note
   10 00000000         ; * Copyright (C) 2009-2010 ARM Limited. All rights rese
                       rved.
   11 00000000         ; *
   12 00000000         ; * @par
   13 00000000         ; * ARM Limited (ARM) is supplying this software for use
                        with Cortex-M 
   14 00000000         ; * processor based microcontrollers.  This file can be 
                       freely distributed 
   15 00000000         ; * within development tools that are supporting such AR
                       M based processors. 
   16 00000000         ; *
   17 00000000         ; * @par
   18 00000000         ; * THIS SOFTWARE IS PROVIDED "AS IS".  NO WARRANTIES, W
                       HETHER EXPRESS, IMPLIED
   19 00000000         ; * OR STATUTORY, INCLUDING, BUT NOT LIMITED TO, IMPLIED
                        WARRANTIES OF
   20 00000000         ; * MERCHANTABILITY AND FITNESS FOR A PARTICULAR PURPOSE
                        APPLY TO THIS SOFTWARE.
   21 00000000         ; * ARM SHALL NOT, IN ANY CIRCUMSTANCES, BE LIABLE FOR S
                       PECIAL, INCIDENTAL, OR
   22 00000000         ; * CONSEQUENTIAL DAMAGES, FOR ANY REASON WHATSOEVER.
   23 00000000         ; *
   24 00000000         ; ******************************************************
                       ************************/
   25 00000000         
   26 00000000         
   27 00000000         ; <h> Stack Configuration
   28 00000000         ;   <o> Stack Size (in Bytes) <0x0-0xFFFFFFFF:8>
   29 00000000         ; </h>
   30 00000000         
   31 00000000 00000600 
                       Stack_Size
                               EQU              0x00000600
   32 00000000         
   33 00000000                 AREA             STACK, NOINIT, READWRITE, ALIGN
=3
   34 00000000         Stack_Mem
                               SPACE            Stack_Size
   35 00000600         __initial_sp
   36 00000600         
   37 00000600         
   38 00000600         ; <h> Heap Configuration
   39 00000600         ;   <o>  Heap Size (in Bytes) <0x0-0xFFFFFFFF:8>
   40 00000600         ; </h>
   41 00000600         
   42 00000600 00000000 
                       Heap_Size
                               EQU              0x00000000



ARM Macro Assembler    Page 2 


   43 00000600         
   44 00000600                 AREA             HEAP, NOINIT, READWRITE, ALIGN=
3
   45 00000000         __heap_base
   46 00000000         Heap_Mem
                               SPACE            Heap_Size
   47 00000000         __heap_limit
   48 00000000         
   49 00000000         
   50 00000000                 PRESERVE8
   51 00000000                 THUMB
   52 00000000         
   53 00000000         
   54 00000000         ; Vector Table Mapped to Address 0 at Reset
   55 00000000         
   56 00000000                 AREA             RESET, DATA, READONLY
   57 00000000                 EXPORT           __Vectors
   58 00000000         
   59 00000000 00000000 
                       __Vectors
                               DCD              __initial_sp ; Top of Stack
   60 00000004 00000000        DCD              Reset_Handler ; Reset Handler
   61 00000008 00000000        DCD              NMI_Handler ; NMI Handler
   62 0000000C 00000000        DCD              HardFault_Handler ; Hard Fault 
                                                            Handler
   63 00000010 00000000        DCD              0           ; Reserved
   64 00000014 00000000        DCD              0           ; Reserved
   65 00000018 00000000        DCD              0           ; Reserved
   66 0000001C 00000000        DCD              0           ; Reserved
   67 00000020 00000000        DCD              0           ; Reserved
   68 00000024 00000000        DCD              0           ; Reserved
   69 00000028 00000000        DCD              0           ; Reserved
   70 0000002C 00000000        DCD              SVC_Handler ; SVCall Handler
   71 00000030 00000000        DCD              0           ; Reserved
   72 00000034 00000000        DCD              0           ; Reserved
   73 00000038 00000000        DCD              PendSV_Handler ; PendSV Handler
                                                            
   74 0000003C 00000000        DCD              SysTick_Handler 
                                                            ; SysTick Handler
   75 00000040         ;DCD OS_CPU_SysTickHandler
   76 00000040         
   77 00000040         ; External Interrupts
   78 00000040 00000000        DCD              MPU_IRQHandler ; 16+ 0: Wakeup
   79 00000044 00000000        DCD              DSP_Issue_IRQHandler 
                                                            ; 16+ 1: DSP Issue
   80 00000048 00000000        DCD              USBDEV_IRQHandler ; 16+ 2: USB
   81 0000004C 00000000        DCD              CIS_IRQHandler ; 16+ 3: CIS
   82 00000050 00000000        DCD              PPU_HBLK_IRQHandler 
                                                            ; 16+ 4: PPU HBLK
   83 00000054 00000000        DCD              SD_DAC_IRQHandler 
                                                            ; 16+ 5: SD_DAC
   84 00000058 00000000        DCD              SD_ADC_IRQHandler 
                                                            ; 16+ 6: SD_ADC
   85 0000005C 00000000        DCD              DMA_SDNF1_IRQHandler ; 16+ 7: D
                                                            MA SDCARD1 | NF
   86 00000060 00000000        DCD              SPI1_IRQHandler ; 16+ 8: SPI1
   87 00000064 00000000        DCD              I2S2_IRQHandler ; 16+ 9: I2S_2
   88 00000068 00000000        DCD              DMA_CSC_IRQHandler 
                                                            ; 16+10: DMA CSC



ARM Macro Assembler    Page 3 


   89 0000006C 00000000        DCD              DMA_JPEG_IRQHandler 
                                                            ; 16+11: DMA JPEG
   90 00000070 00000000        DCD              CIS_VSYNC_IRQHandler 
                                                            ; 16+12: CIS Vsync
   91 00000074 00000000        DCD              SPI0_IRQHandler ; 16+13: SPI0
   92 00000078 00000000        DCD              PPU_VBLK_IRQHandler 
                                                            ; 16+14: PPU VBLK
   93 0000007C 00000000        DCD              I2C_IRQHandler ; 16+15: I2C
   94 00000080 00000000        DCD              CT16B0_IRQHandler ; 16+16: 16-b
                                                            it Counter-Timer 0
   95 00000084 00000000        DCD              CT16B1_IRQHandler ; 16+17: 16-b
                                                            it Counter-Timer 1
   96 00000088 00000000        DCD              CT32B0_IRQHandler ; 16+18: 32-b
                                                            it Counter-Timer 1
   97 0000008C 00000000        DCD              CT32B1_IRQHandler ; 16+19: 32-b
                                                            it Counter-Timer 0 
                                                               
   98 00000090 00000000        DCD              P4_WKP_IRQHandler ; 16+20: GPIO
                                                             INT4 | Wakeup INT
   99 00000094 00000000        DCD              UART0_IRQHandler ; 16+21: UART0
                                                            
  100 00000098 00000000        DCD              NFECC_IRQHandler 
                                                            ; 16+22: NF ECC
  101 0000009C 00000000        DCD              DMA_SDNF0_IRQHandler ; 16+23: D
                                                            MA SDCARD0 | NF
  102 000000A0 00000000        DCD              SARADC_IRQHandler 
                                                            ; 16+24: SAR ADC
  103 000000A4 00000000        DCD              WDT_UART1_IRQHandler ; 16+25: W
                                                            atchdog Timer | UAR
                                                            T1
  104 000000A8 00000000        DCD              USBHOST_IRQHandler 
                                                            ; 16+26: USB HOST
  105 000000AC 00000000        DCD              RTC_IRQHandler ; 16+27: Real Ti
                                                            me Clock
  106 000000B0 00000000        DCD              P3_IRQHandler 
                                                            ; 16+28: GPIO INT3
  107 000000B4 00000000        DCD              P2_IRQHandler 
                                                            ; 16+29: GPIO INT2
  108 000000B8 00000000        DCD              P1_IRQHandler 
                                                            ; 16+30: GPIO INT1
  109 000000BC 00000000        DCD              P0_IRQHandler 
                                                            ; 16+31: GPIO INT0
  110 000000C0         
  111 000000C0         
  112 000000C0         
  113 000000C0         
  114 000000C0         
  115 000000C0         
  116 000000C0                 AREA             |.text|, CODE, READONLY
  117 00000000         
  118 00000000         ; Reset Handler
  119 00000000         
  120 00000000         Reset_Handler
                               PROC
  121 00000000                 EXPORT           Reset_Handler   [WEAK]
  122 00000000         ;IMPORT  Peri_Inital
  123 00000000                 IMPORT           __main
  124 00000000         ;LDR     R0, =Peri_Inital
  125 00000000         ;BLX     R0



ARM Macro Assembler    Page 4 


  126 00000000 4803            LDR              R0, =__main
  127 00000002 4700            BX               R0
  128 00000004                 ENDP
  129 00000004         
  130 00000004         
  131 00000004         ; Dummy Exception Handlers (infinite loops which can be 
                       modified)                
  132 00000004         
  133 00000004         NMI_Handler
                               PROC
  134 00000004                 EXPORT           NMI_Handler        [WEAK]
  135 00000004 E7FE            B                .
  136 00000006                 ENDP
  137 00000006         HardFault_Handler
                               PROC
  138 00000006                 EXPORT           HardFault_Handler      [WEAK]
  139 00000006 E7FE            B                .
  140 00000008                 ENDP
  141 00000008         SVC_Handler
                               PROC
  142 00000008                 EXPORT           SVC_Handler        [WEAK]
  143 00000008 E7FE            B                .
  144 0000000A                 ENDP
  145 0000000A         PendSV_Handler
                               PROC
  146 0000000A                 EXPORT           PendSV_Handler       [WEAK]
  147 0000000A E7FE            B                .
  148 0000000C                 ENDP
  149 0000000C         SysTick_Handler
                               PROC
  150 0000000C                 EXPORT           SysTick_Handler       [WEAK]
  151 0000000C E7FE            B                .
  152 0000000E                 ENDP
  153 0000000E         ;OS_CPU_SysTickHandler PROC
  154 0000000E         ; EXPORT OS_CPU_SysTickHandler   [WEAK]
  155 0000000E         ; B  .
  156 0000000E         ; ENDP    
  157 0000000E         Default_Handler
                               PROC
  158 0000000E                 EXPORT           MPU_IRQHandler   [WEAK] ;0
  159 0000000E                 EXPORT           DSP_Issue_IRQHandler [WEAK] ;1
  160 0000000E                 EXPORT           USBDEV_IRQHandler  [WEAK] ;2
  161 0000000E                 EXPORT           CIS_IRQHandler   [WEAK] ;3
  162 0000000E                 EXPORT           PPU_HBLK_IRQHandler  [WEAK] ;4
  163 0000000E                 EXPORT           SD_DAC_IRQHandler  [WEAK] ;5
  164 0000000E                 EXPORT           SD_ADC_IRQHandler  [WEAK] ;6
  165 0000000E                 EXPORT           DMA_SDNF1_IRQHandler    [WEAK] 
                                                            ;7
  166 0000000E                 EXPORT           SPI1_IRQHandler   [WEAK] ;8
  167 0000000E                 EXPORT           I2S2_IRQHandler         [WEAK] 
                                                            ;9
  168 0000000E                 EXPORT           DMA_CSC_IRQHandler      [WEAK] 
                                                            ;10
  169 0000000E                 EXPORT           DMA_JPEG_IRQHandler     [WEAK] 
                                                            ;11
  170 0000000E                 EXPORT           CIS_VSYNC_IRQHandler [WEAK] ;12
                                                            
  171 0000000E                 EXPORT           SPI0_IRQHandler   [WEAK] ;13
  172 0000000E                 EXPORT           PPU_VBLK_IRQHandler  [WEAK] ;14



ARM Macro Assembler    Page 5 


                                                            
  173 0000000E                 EXPORT           I2C_IRQHandler   [WEAK] ;15
  174 0000000E                 EXPORT           CT16B0_IRQHandler   [WEAK] ;16
  175 0000000E                 EXPORT           CT16B1_IRQHandler  [WEAK] ;17
  176 0000000E                 EXPORT           CT32B0_IRQHandler  [WEAK] ;18
  177 0000000E                 EXPORT           CT32B1_IRQHandler  [WEAK] ;19
  178 0000000E                 EXPORT           P4_WKP_IRQHandler  [WEAK] ;20
  179 0000000E                 EXPORT           UART0_IRQHandler     [WEAK] ;21
                                                            
  180 0000000E                 EXPORT           NFECC_IRQHandler  [WEAK] ;22
  181 0000000E                 EXPORT           DMA_SDNF0_IRQHandler [WEAK] ;23
                                                            
  182 0000000E                 EXPORT           SARADC_IRQHandler  [WEAK] ;24
  183 0000000E                 EXPORT           WDT_UART1_IRQHandler [WEAK] ;25
                                                            
  184 0000000E                 EXPORT           USBHOST_IRQHandler      [WEAK] 
                                                            ;26
  185 0000000E                 EXPORT           RTC_IRQHandler          [WEAK] 
                                                            ;27
  186 0000000E                 EXPORT           P3_IRQHandler   [WEAK] ;28
  187 0000000E                 EXPORT           P2_IRQHandler   [WEAK] ;29
  188 0000000E                 EXPORT           P1_IRQHandler   [WEAK] ;30
  189 0000000E                 EXPORT           P0_IRQHandler   [WEAK] ;31
  190 0000000E         
  191 0000000E         
  192 0000000E         
  193 0000000E         MPU_IRQHandler
  194 0000000E         DSP_Issue_IRQHandler
  195 0000000E         USBDEV_IRQHandler
  196 0000000E         CIS_IRQHandler
  197 0000000E         PPU_HBLK_IRQHandler
  198 0000000E         SD_DAC_IRQHandler
  199 0000000E         SD_ADC_IRQHandler
  200 0000000E         DMA_SDNF1_IRQHandler
  201 0000000E         SPI1_IRQHandler
  202 0000000E         I2S2_IRQHandler
  203 0000000E         DMA_CSC_IRQHandler
  204 0000000E         DMA_JPEG_IRQHandler
  205 0000000E         CIS_VSYNC_IRQHandler
  206 0000000E         SPI0_IRQHandler
  207 0000000E         PPU_VBLK_IRQHandler
  208 0000000E         I2C_IRQHandler
  209 0000000E         CT16B0_IRQHandler
  210 0000000E         CT16B1_IRQHandler
  211 0000000E         CT32B0_IRQHandler
  212 0000000E         CT32B1_IRQHandler
  213 0000000E         P4_WKP_IRQHandler
  214 0000000E         UART0_IRQHandler
  215 0000000E         NFECC_IRQHandler
  216 0000000E         DMA_SDNF0_IRQHandler
  217 0000000E         SARADC_IRQHandler
  218 0000000E         WDT_UART1_IRQHandler
  219 0000000E         USBHOST_IRQHandler
  220 0000000E         RTC_IRQHandler
  221 0000000E         P3_IRQHandler
  222 0000000E         P2_IRQHandler
  223 0000000E         P1_IRQHandler
  224 0000000E         P0_IRQHandler
  225 0000000E         



ARM Macro Assembler    Page 6 


  226 0000000E         
  227 0000000E E7FE            B                .
  228 00000010         
  229 00000010                 ENDP
  230 00000010         
  231 00000010         
  232 00000010                 ALIGN
  233 00000010         
  234 00000010         
  235 00000010         ; User Initial Stack & Heap
  236 00000010         
  237 00000010                 IF               :DEF:__MICROLIB
  238 00000010         
  239 00000010                 EXPORT           __initial_sp
  240 00000010                 EXPORT           __heap_base
  241 00000010                 EXPORT           __heap_limit
  242 00000010         
  243 00000010                 ELSE
  257                          ENDIF
  258 00000010         
  259 00000010         
  260 00000010                 END
              00000000 
Command Line: --debug --xref --diag_suppress=9931 --cpu=Cortex-M0 --apcs=interw
ork --depend=.\obj\startup_snc7312.d -o.\obj\startup_snc7312.o -I"F:\workplace\
count display\code\sonix evb\3.SN7312_IIC_OLED\RTE" -IC:\Keil_v5\ARM\PACK\ARM\C
MSIS\4.5.0\CMSIS\Include -IC:\Keil_v5\ARM\PACK\ARM\CMSIS\4.5.0\Device\ARM\ARMCM
0\Include --predefine="__MICROLIB SETA 1" --predefine="__UVISION_VERSION SETA 5
21" --predefine="_RTE_ SETA 1" --predefine="ARMCM0 SETA 1" --list=.\startup_snc
7312.lst Startup\startup_SNC7312.s



ARM Macro Assembler    Page 1 Alphabetic symbol ordering
Relocatable symbols

STACK 00000000

Symbol: STACK
   Definitions
      At line 33 in file Startup\startup_SNC7312.s
   Uses
      None
Comment: STACK unused
Stack_Mem 00000000

Symbol: Stack_Mem
   Definitions
      At line 34 in file Startup\startup_SNC7312.s
   Uses
      None
Comment: Stack_Mem unused
__initial_sp 00000600

Symbol: __initial_sp
   Definitions
      At line 35 in file Startup\startup_SNC7312.s
   Uses
      At line 59 in file Startup\startup_SNC7312.s
      At line 239 in file Startup\startup_SNC7312.s

3 symbols



ARM Macro Assembler    Page 1 Alphabetic symbol ordering
Relocatable symbols

HEAP 00000000

Symbol: HEAP
   Definitions
      At line 44 in file Startup\startup_SNC7312.s
   Uses
      None
Comment: HEAP unused
Heap_Mem 00000000

Symbol: Heap_Mem
   Definitions
      At line 46 in file Startup\startup_SNC7312.s
   Uses
      None
Comment: Heap_Mem unused
__heap_base 00000000

Symbol: __heap_base
   Definitions
      At line 45 in file Startup\startup_SNC7312.s
   Uses
      At line 240 in file Startup\startup_SNC7312.s
Comment: __heap_base used once
__heap_limit 00000000

Symbol: __heap_limit
   Definitions
      At line 47 in file Startup\startup_SNC7312.s
   Uses
      At line 241 in file Startup\startup_SNC7312.s
Comment: __heap_limit used once
4 symbols



ARM Macro Assembler    Page 1 Alphabetic symbol ordering
Relocatable symbols

RESET 00000000

Symbol: RESET
   Definitions
      At line 56 in file Startup\startup_SNC7312.s
   Uses
      None
Comment: RESET unused
__Vectors 00000000

Symbol: __Vectors
   Definitions
      At line 59 in file Startup\startup_SNC7312.s
   Uses
      At line 57 in file Startup\startup_SNC7312.s
Comment: __Vectors used once
2 symbols



ARM Macro Assembler    Page 1 Alphabetic symbol ordering
Relocatable symbols

.text 00000000

Symbol: .text
   Definitions
      At line 116 in file Startup\startup_SNC7312.s
   Uses
      None
Comment: .text unused
CIS_IRQHandler 0000000E

Symbol: CIS_IRQHandler
   Definitions
      At line 196 in file Startup\startup_SNC7312.s
   Uses
      At line 81 in file Startup\startup_SNC7312.s
      At line 161 in file Startup\startup_SNC7312.s

CIS_VSYNC_IRQHandler 0000000E

Symbol: CIS_VSYNC_IRQHandler
   Definitions
      At line 205 in file Startup\startup_SNC7312.s
   Uses
      At line 90 in file Startup\startup_SNC7312.s
      At line 170 in file Startup\startup_SNC7312.s

CT16B0_IRQHandler 0000000E

Symbol: CT16B0_IRQHandler
   Definitions
      At line 209 in file Startup\startup_SNC7312.s
   Uses
      At line 94 in file Startup\startup_SNC7312.s
      At line 174 in file Startup\startup_SNC7312.s

CT16B1_IRQHandler 0000000E

Symbol: CT16B1_IRQHandler
   Definitions
      At line 210 in file Startup\startup_SNC7312.s
   Uses
      At line 95 in file Startup\startup_SNC7312.s
      At line 175 in file Startup\startup_SNC7312.s

CT32B0_IRQHandler 0000000E

Symbol: CT32B0_IRQHandler
   Definitions
      At line 211 in file Startup\startup_SNC7312.s
   Uses
      At line 96 in file Startup\startup_SNC7312.s
      At line 176 in file Startup\startup_SNC7312.s

CT32B1_IRQHandler 0000000E

Symbol: CT32B1_IRQHandler
   Definitions
      At line 212 in file Startup\startup_SNC7312.s
   Uses



ARM Macro Assembler    Page 2 Alphabetic symbol ordering
Relocatable symbols

      At line 97 in file Startup\startup_SNC7312.s
      At line 177 in file Startup\startup_SNC7312.s

DMA_CSC_IRQHandler 0000000E

Symbol: DMA_CSC_IRQHandler
   Definitions
      At line 203 in file Startup\startup_SNC7312.s
   Uses
      At line 88 in file Startup\startup_SNC7312.s
      At line 168 in file Startup\startup_SNC7312.s

DMA_JPEG_IRQHandler 0000000E

Symbol: DMA_JPEG_IRQHandler
   Definitions
      At line 204 in file Startup\startup_SNC7312.s
   Uses
      At line 89 in file Startup\startup_SNC7312.s
      At line 169 in file Startup\startup_SNC7312.s

DMA_SDNF0_IRQHandler 0000000E

Symbol: DMA_SDNF0_IRQHandler
   Definitions
      At line 216 in file Startup\startup_SNC7312.s
   Uses
      At line 101 in file Startup\startup_SNC7312.s
      At line 181 in file Startup\startup_SNC7312.s

DMA_SDNF1_IRQHandler 0000000E

Symbol: DMA_SDNF1_IRQHandler
   Definitions
      At line 200 in file Startup\startup_SNC7312.s
   Uses
      At line 85 in file Startup\startup_SNC7312.s
      At line 165 in file Startup\startup_SNC7312.s

DSP_Issue_IRQHandler 0000000E

Symbol: DSP_Issue_IRQHandler
   Definitions
      At line 194 in file Startup\startup_SNC7312.s
   Uses
      At line 79 in file Startup\startup_SNC7312.s
      At line 159 in file Startup\startup_SNC7312.s

Default_Handler 0000000E

Symbol: Default_Handler
   Definitions
      At line 157 in file Startup\startup_SNC7312.s
   Uses
      None
Comment: Default_Handler unused
HardFault_Handler 00000006

Symbol: HardFault_Handler



ARM Macro Assembler    Page 3 Alphabetic symbol ordering
Relocatable symbols

   Definitions
      At line 137 in file Startup\startup_SNC7312.s
   Uses
      At line 62 in file Startup\startup_SNC7312.s
      At line 138 in file Startup\startup_SNC7312.s

I2C_IRQHandler 0000000E

Symbol: I2C_IRQHandler
   Definitions
      At line 208 in file Startup\startup_SNC7312.s
   Uses
      At line 93 in file Startup\startup_SNC7312.s
      At line 173 in file Startup\startup_SNC7312.s

I2S2_IRQHandler 0000000E

Symbol: I2S2_IRQHandler
   Definitions
      At line 202 in file Startup\startup_SNC7312.s
   Uses
      At line 87 in file Startup\startup_SNC7312.s
      At line 167 in file Startup\startup_SNC7312.s

MPU_IRQHandler 0000000E

Symbol: MPU_IRQHandler
   Definitions
      At line 193 in file Startup\startup_SNC7312.s
   Uses
      At line 78 in file Startup\startup_SNC7312.s
      At line 158 in file Startup\startup_SNC7312.s

NFECC_IRQHandler 0000000E

Symbol: NFECC_IRQHandler
   Definitions
      At line 215 in file Startup\startup_SNC7312.s
   Uses
      At line 100 in file Startup\startup_SNC7312.s
      At line 180 in file Startup\startup_SNC7312.s

NMI_Handler 00000004

Symbol: NMI_Handler
   Definitions
      At line 133 in file Startup\startup_SNC7312.s
   Uses
      At line 61 in file Startup\startup_SNC7312.s
      At line 134 in file Startup\startup_SNC7312.s

P0_IRQHandler 0000000E

Symbol: P0_IRQHandler
   Definitions
      At line 224 in file Startup\startup_SNC7312.s
   Uses
      At line 109 in file Startup\startup_SNC7312.s
      At line 189 in file Startup\startup_SNC7312.s



ARM Macro Assembler    Page 4 Alphabetic symbol ordering
Relocatable symbols


P1_IRQHandler 0000000E

Symbol: P1_IRQHandler
   Definitions
      At line 223 in file Startup\startup_SNC7312.s
   Uses
      At line 108 in file Startup\startup_SNC7312.s
      At line 188 in file Startup\startup_SNC7312.s

P2_IRQHandler 0000000E

Symbol: P2_IRQHandler
   Definitions
      At line 222 in file Startup\startup_SNC7312.s
   Uses
      At line 107 in file Startup\startup_SNC7312.s
      At line 187 in file Startup\startup_SNC7312.s

P3_IRQHandler 0000000E

Symbol: P3_IRQHandler
   Definitions
      At line 221 in file Startup\startup_SNC7312.s
   Uses
      At line 106 in file Startup\startup_SNC7312.s
      At line 186 in file Startup\startup_SNC7312.s

P4_WKP_IRQHandler 0000000E

Symbol: P4_WKP_IRQHandler
   Definitions
      At line 213 in file Startup\startup_SNC7312.s
   Uses
      At line 98 in file Startup\startup_SNC7312.s
      At line 178 in file Startup\startup_SNC7312.s

PPU_HBLK_IRQHandler 0000000E

Symbol: PPU_HBLK_IRQHandler
   Definitions
      At line 197 in file Startup\startup_SNC7312.s
   Uses
      At line 82 in file Startup\startup_SNC7312.s
      At line 162 in file Startup\startup_SNC7312.s

PPU_VBLK_IRQHandler 0000000E

Symbol: PPU_VBLK_IRQHandler
   Definitions
      At line 207 in file Startup\startup_SNC7312.s
   Uses
      At line 92 in file Startup\startup_SNC7312.s
      At line 172 in file Startup\startup_SNC7312.s

PendSV_Handler 0000000A

Symbol: PendSV_Handler
   Definitions



ARM Macro Assembler    Page 5 Alphabetic symbol ordering
Relocatable symbols

      At line 145 in file Startup\startup_SNC7312.s
   Uses
      At line 73 in file Startup\startup_SNC7312.s
      At line 146 in file Startup\startup_SNC7312.s

RTC_IRQHandler 0000000E

Symbol: RTC_IRQHandler
   Definitions
      At line 220 in file Startup\startup_SNC7312.s
   Uses
      At line 105 in file Startup\startup_SNC7312.s
      At line 185 in file Startup\startup_SNC7312.s

Reset_Handler 00000000

Symbol: Reset_Handler
   Definitions
      At line 120 in file Startup\startup_SNC7312.s
   Uses
      At line 60 in file Startup\startup_SNC7312.s
      At line 121 in file Startup\startup_SNC7312.s

SARADC_IRQHandler 0000000E

Symbol: SARADC_IRQHandler
   Definitions
      At line 217 in file Startup\startup_SNC7312.s
   Uses
      At line 102 in file Startup\startup_SNC7312.s
      At line 182 in file Startup\startup_SNC7312.s

SD_ADC_IRQHandler 0000000E

Symbol: SD_ADC_IRQHandler
   Definitions
      At line 199 in file Startup\startup_SNC7312.s
   Uses
      At line 84 in file Startup\startup_SNC7312.s
      At line 164 in file Startup\startup_SNC7312.s

SD_DAC_IRQHandler 0000000E

Symbol: SD_DAC_IRQHandler
   Definitions
      At line 198 in file Startup\startup_SNC7312.s
   Uses
      At line 83 in file Startup\startup_SNC7312.s
      At line 163 in file Startup\startup_SNC7312.s

SPI0_IRQHandler 0000000E

Symbol: SPI0_IRQHandler
   Definitions
      At line 206 in file Startup\startup_SNC7312.s
   Uses
      At line 91 in file Startup\startup_SNC7312.s
      At line 171 in file Startup\startup_SNC7312.s




ARM Macro Assembler    Page 6 Alphabetic symbol ordering
Relocatable symbols

SPI1_IRQHandler 0000000E

Symbol: SPI1_IRQHandler
   Definitions
      At line 201 in file Startup\startup_SNC7312.s
   Uses
      At line 86 in file Startup\startup_SNC7312.s
      At line 166 in file Startup\startup_SNC7312.s

SVC_Handler 00000008

Symbol: SVC_Handler
   Definitions
      At line 141 in file Startup\startup_SNC7312.s
   Uses
      At line 70 in file Startup\startup_SNC7312.s
      At line 142 in file Startup\startup_SNC7312.s

SysTick_Handler 0000000C

Symbol: SysTick_Handler
   Definitions
      At line 149 in file Startup\startup_SNC7312.s
   Uses
      At line 74 in file Startup\startup_SNC7312.s
      At line 150 in file Startup\startup_SNC7312.s

UART0_IRQHandler 0000000E

Symbol: UART0_IRQHandler
   Definitions
      At line 214 in file Startup\startup_SNC7312.s
   Uses
      At line 99 in file Startup\startup_SNC7312.s
      At line 179 in file Startup\startup_SNC7312.s

USBDEV_IRQHandler 0000000E

Symbol: USBDEV_IRQHandler
   Definitions
      At line 195 in file Startup\startup_SNC7312.s
   Uses
      At line 80 in file Startup\startup_SNC7312.s
      At line 160 in file Startup\startup_SNC7312.s

USBHOST_IRQHandler 0000000E

Symbol: USBHOST_IRQHandler
   Definitions
      At line 219 in file Startup\startup_SNC7312.s
   Uses
      At line 104 in file Startup\startup_SNC7312.s
      At line 184 in file Startup\startup_SNC7312.s

WDT_UART1_IRQHandler 0000000E

Symbol: WDT_UART1_IRQHandler
   Definitions
      At line 218 in file Startup\startup_SNC7312.s



ARM Macro Assembler    Page 7 Alphabetic symbol ordering
Relocatable symbols

   Uses
      At line 103 in file Startup\startup_SNC7312.s
      At line 183 in file Startup\startup_SNC7312.s

40 symbols



ARM Macro Assembler    Page 1 Alphabetic symbol ordering
Absolute symbols

Heap_Size 00000000

Symbol: Heap_Size
   Definitions
      At line 42 in file Startup\startup_SNC7312.s
   Uses
      At line 46 in file Startup\startup_SNC7312.s
Comment: Heap_Size used once
Stack_Size 00000600

Symbol: Stack_Size
   Definitions
      At line 31 in file Startup\startup_SNC7312.s
   Uses
      At line 34 in file Startup\startup_SNC7312.s
Comment: Stack_Size used once
2 symbols



ARM Macro Assembler    Page 1 Alphabetic symbol ordering
External symbols

__main 00000000

Symbol: __main
   Definitions
      At line 123 in file Startup\startup_SNC7312.s
   Uses
      At line 126 in file Startup\startup_SNC7312.s
Comment: __main used once
1 symbol
388 symbols in table
