C51 COMPILER V9.54   FONTDATA                                                              06/11/2018 21:01:37 PAGE 1   


C51 COMPILER V9.54, COMPILATION OF MODULE FONTDATA
OBJECT MODULE PLACED IN .\Output\FontData.obj
COMPILER INVOKED BY: D:\keil\C51\BIN\C51.EXE Code\FontData.c OPTIMIZE(8,SIZE) BROWSE INCDIR(..\..\Include;..\Include) DE
                    -FINE(FOSC_160000) DEBUG OBJECTEXTEND PRINT(.\LST\FontData.lst) OBJECT(.\Output\FontData.obj)

line level    source

   1          #include "fontdata.h"
   2          
   3          
   4          /* 16*16*/
   5          /*
   6          三中文数字藏归零重置是否
   7          */
   8          code unsigned char font_CHN[]=
   9          {
  10          
  11          0x00,0x08,0x08,0x08,0x08,0x08,0x08,0x08,
  12          0x08,0x08,0x08,0x08,0x08,0x08,0x00,0x00,
  13          0x40,0x40,0x41,0x41,0x41,0x41,0x41,0x41,
  14          0x41,0x41,0x41,0x41,0x41,0x40,0x40,0x00,//"?",0
  15          
  16          0x00,0x00,0xF0,0x10,0x10,0x10,0x10,0xFF,
  17          0x10,0x10,0x10,0x10,0xF0,0x00,0x00,0x00,
  18          0x00,0x00,0x0F,0x04,0x04,0x04,0x04,0xFF,
  19          0x04,0x04,0x04,0x04,0x0F,0x00,0x00,0x00,//"?",1
  20          
  21          0x08,0x08,0x08,0x38,0xC8,0x08,0x09,0x0E,
  22          0x08,0x08,0xC8,0x38,0x08,0x08,0x08,0x00,
  23          0x80,0x80,0x40,0x40,0x20,0x11,0x0A,0x04,
  24          0x0A,0x11,0x20,0x40,0x40,0x80,0x80,0x00,//"?",2
  25          
  26          0x90,0x52,0x34,0x10,0xFF,0x10,0x34,0x52,
  27          0x80,0x70,0x8F,0x08,0x08,0xF8,0x08,0x00,
  28          0x82,0x9A,0x56,0x63,0x22,0x52,0x8E,0x00,
  29          0x80,0x40,0x33,0x0C,0x33,0x40,0x80,0x00,//"?",3
  30          
  31          0x10,0x0C,0x04,0x24,0x24,0x24,0x25,0x26,
  32          0xA4,0x64,0x24,0x04,0x04,0x14,0x0C,0x00,
  33          0x02,0x02,0x02,0x02,0x02,0x42,0x82,0x7F,
  34          0x02,0x02,0x02,0x02,0x02,0x02,0x02,0x00,//"?",4
  35          
  36          0x02,0xE2,0x82,0xF2,0x12,0xD7,0x52,0xD2,
  37          0x52,0x17,0xFA,0x12,0x16,0x9A,0x12,0x00,
  38          0x12,0x8E,0x62,0x1F,0x00,0x3F,0x25,0x3D,
  39          0xA7,0x40,0x27,0x18,0x26,0x41,0xF0,0x00,//"?",5
  40          
  41          0x00,0xFC,0x00,0x00,0xFF,0x00,0x04,0x84,
  42          0x84,0x84,0x84,0x84,0x84,0xFC,0x00,0x00,
  43          0x00,0x87,0x40,0x30,0x0F,0x00,0x20,0x20,
  44          0x20,0x20,0x20,0x20,0x20,0x7F,0x00,0x00,//"?",6
  45          
  46          0x10,0x0C,0x05,0x55,0x55,0x55,0x85,0x7F,
  47          0x85,0x55,0x55,0x55,0x05,0x14,0x0C,0x00,
  48          0x04,0x04,0x02,0x0A,0x09,0x29,0x2A,0x4C,
  49          0x48,0xA9,0x19,0x02,0x02,0x04,0x04,0x00,//"?",7
  50          
  51          0x10,0x10,0x14,0xD4,0x54,0x54,0x54,0xFC,
  52          0x52,0x52,0x52,0xD3,0x12,0x10,0x10,0x00,
  53          0x40,0x40,0x50,0x57,0x55,0x55,0x55,0x7F,
  54          0x55,0x55,0x55,0x57,0x50,0x40,0x40,0x00,//"?",8
C51 COMPILER V9.54   FONTDATA                                                              06/11/2018 21:01:37 PAGE 2   

  55          
  56          0x00,0x17,0x15,0xD5,0x55,0x57,0x55,0x7D,
  57          0x55,0x57,0x55,0xD5,0x15,0x17,0x00,0x00,
  58          0x40,0x40,0x40,0x7F,0x55,0x55,0x55,0x55,
  59          0x55,0x55,0x55,0x7F,0x40,0x40,0x40,0x00,//"?",9
  60          
  61          0x00,0x00,0x00,0x7F,0x49,0x49,0x49,0x49,
  62          0x49,0x49,0x49,0x7F,0x00,0x00,0x00,0x00,
  63          0x81,0x41,0x21,0x1D,0x21,0x41,0x81,0xFF,
  64          0x89,0x89,0x89,0x89,0x89,0x81,0x81,0x00,
  65          
  66          0x00,0x02,0x82,0x82,0x42,0x22,0x12,0xFA,
  67          0x06,0x22,0x22,0x42,0x42,0x82,0x00,0x00,
  68          0x01,0x01,0x00,0xFC,0x44,0x44,0x44,0x45,
  69          0x44,0x44,0x44,0xFC,0x00,0x00,0x01,0x00,        
  70          };
  71          
  72          /* 6*8  0-9*/
  73          code unsigned char font1_0_9[]=
  74          {
  75          
  76          0x7E,0x81,0x81,0x81,0x7E,0x00,
  77          0x00,0x82,0xFF,0x80,0x00,0x00,
  78          0xC6,0xA1,0x91,0x89,0x86,0x00,
  79          0x42,0x81,0x89,0x89,0x76,0x00,
  80          0x30,0x28,0xA6,0xFF,0xA0,0x00,
  81          0x5F,0x89,0x89,0x89,0x71,0x00,
  82          0x7C,0x92,0x89,0x89,0x72,0x00,
  83          0x00,0x01,0xF1,0x0D,0x03,0x00,
  84          0x76,0x89,0x89,0x89,0x76,0x00,
  85          0x4E,0x91,0x91,0x49,0x3E,0x00,  
  86          0x00,0xC0,0x30,0x0C,0x03,0x00,
  87          };
  88          
  89          /*  8*16 */
  90          code unsigned char font2_0_9[]=
  91          {
  92          0x00,0xF8,0x04,0x02,0x02,0x04,0xF8,0x00,
  93          0x00,0x03,0x04,0x08,0x08,0x04,0x03,0x00,
  94          0x00,0x00,0x04,0x04,0xFE,0x00,0x00,0x00,
  95          0x00,0x00,0x08,0x08,0x0F,0x08,0x08,0x00,
  96          0x00,0x1C,0x02,0x02,0x82,0x42,0x3C,0x00,
  97          0x00,0x0C,0x0A,0x09,0x08,0x08,0x0C,0x00,
  98          0x00,0x0C,0x02,0x42,0x42,0xA2,0x1C,0x00,
  99          0x00,0x06,0x08,0x08,0x08,0x08,0x07,0x00,
 100          0x00,0x80,0x60,0x10,0x0C,0xFE,0x00,0x00,
 101          0x00,0x01,0x01,0x09,0x09,0x0F,0x09,0x09,
 102          0x00,0x7E,0x22,0x22,0x22,0x42,0x82,0x00,
 103          0x00,0x06,0x08,0x08,0x08,0x04,0x03,0x00,
 104          0x00,0xF8,0x44,0x22,0x22,0x24,0xC0,0x00,
 105          0x00,0x03,0x04,0x08,0x08,0x08,0x07,0x00,
 106          0x00,0x06,0x02,0x82,0x62,0x1A,0x06,0x00,
 107          0x00,0x00,0x00,0x0F,0x00,0x00,0x00,0x00,
 108          0x00,0x1C,0xA2,0x42,0x42,0xA2,0x1C,0x00,
 109          0x00,0x07,0x08,0x08,0x08,0x08,0x07,0x00,
 110          0x00,0x7C,0x82,0x82,0x82,0x44,0xF8,0x00,
 111          0x00,0x00,0x04,0x08,0x08,0x04,0x03,0x00,        
 112          0x00,0x00,0x00,0xC0,0x30,0x0E,0x01,0x00,
 113          0x00,0x18,0x06,0x01,0x00,0x00,0x00,0x00,
 114          };
 115          /* 8*16*/
 116          code unsigned char font_A_Z[]=
C51 COMPILER V9.54   FONTDATA                                                              06/11/2018 21:01:37 PAGE 3   

 117          {
 118          0x00,0x00,0xC0,0x38,0xE0,0x00,0x00,0x00,
 119          0x20,0x3C,0x23,0x02,0x02,0x27,0x38,0x20,//"A",0
 120          
 121          0x08,0xF8,0x88,0x88,0x88,0x70,0x00,0x00,
 122          0x20,0x3F,0x20,0x20,0x20,0x11,0x0E,0x00,//"B",1
 123          
 124          0xC0,0x30,0x08,0x08,0x08,0x08,0x38,0x00,
 125          0x07,0x18,0x20,0x20,0x20,0x10,0x08,0x00,//"C",2
 126          
 127          0x08,0xF8,0x08,0x08,0x08,0x10,0xE0,0x00,
 128          0x20,0x3F,0x20,0x20,0x20,0x10,0x0F,0x00,//"D",3
 129          
 130          0x08,0xF8,0x88,0x88,0xE8,0x08,0x10,0x00,
 131          0x20,0x3F,0x20,0x20,0x23,0x20,0x18,0x00,//"E",4
 132          
 133          0x08,0xF8,0x88,0x88,0xE8,0x08,0x10,0x00,
 134          0x20,0x3F,0x20,0x00,0x03,0x00,0x00,0x00,//"F",5
 135          
 136          0xC0,0x30,0x08,0x08,0x08,0x38,0x00,0x00,
 137          0x07,0x18,0x20,0x20,0x22,0x1E,0x02,0x00,//"G",6
 138          
 139          0x08,0xF8,0x08,0x00,0x00,0x08,0xF8,0x08,
 140          0x20,0x3F,0x21,0x01,0x01,0x21,0x3F,0x20,//"H",7
 141          
 142          0x00,0x08,0x08,0xF8,0x08,0x08,0x00,0x00,
 143          0x00,0x20,0x20,0x3F,0x20,0x20,0x00,0x00,//"I",8
 144          
 145          0x00,0x00,0x08,0x08,0xF8,0x08,0x08,0x00,
 146          0xC0,0x80,0x80,0x80,0x7F,0x00,0x00,0x00,//"J",9
 147          
 148          0x08,0xF8,0x88,0xC0,0x28,0x18,0x08,0x00,
 149          0x20,0x3F,0x20,0x01,0x26,0x38,0x20,0x00,//"K",10
 150          
 151          0x08,0xF8,0x08,0x00,0x00,0x00,0x00,0x00,
 152          0x20,0x3F,0x20,0x20,0x20,0x20,0x30,0x00,//"L",11
 153          
 154          0x08,0xF8,0xF8,0x00,0xF8,0xF8,0x08,0x00,
 155          0x20,0x3F,0x01,0x3E,0x01,0x3F,0x20,0x00,//"M",12
 156          
 157          0x08,0xF8,0x30,0xC0,0x00,0x08,0xF8,0x08,
 158          0x20,0x3F,0x20,0x00,0x07,0x18,0x3F,0x00,//"N",13
 159          
 160          0xE0,0x10,0x08,0x08,0x08,0x10,0xE0,0x00,
 161          0x0F,0x10,0x20,0x20,0x20,0x10,0x0F,0x00,//"O",14
 162          
 163          0x08,0xF8,0x08,0x08,0x08,0x08,0xF0,0x00,
 164          0x20,0x3F,0x21,0x01,0x01,0x01,0x00,0x00,//"P",15
 165          
 166          0xE0,0x10,0x08,0x08,0x08,0x10,0xE0,0x00,
 167          0x0F,0x10,0x28,0x28,0x30,0x50,0x4F,0x00,//"Q",16
 168          
 169          0x08,0xF8,0x88,0x88,0x88,0x88,0x70,0x00,
 170          0x20,0x3F,0x20,0x00,0x03,0x0C,0x30,0x20,//"R",17
 171          
 172          0x00,0x70,0x88,0x08,0x08,0x08,0x38,0x00,
 173          0x00,0x38,0x20,0x21,0x21,0x22,0x1C,0x00,//"S",18
 174          
 175          0x18,0x08,0x08,0xF8,0x08,0x08,0x18,0x00,
 176          0x00,0x00,0x20,0x3F,0x20,0x00,0x00,0x00,//"T",19
 177          
 178          0x08,0xF8,0x08,0x00,0x00,0x08,0xF8,0x08,
C51 COMPILER V9.54   FONTDATA                                                              06/11/2018 21:01:37 PAGE 4   

 179          0x00,0x1F,0x20,0x20,0x20,0x20,0x1F,0x00,//"U",20
 180          
 181          0x08,0x78,0x88,0x00,0x00,0xC8,0x38,0x08,
 182          0x00,0x00,0x07,0x38,0x0E,0x01,0x00,0x00,//"V",21
 183          
 184          0x08,0xF8,0x00,0xF8,0x00,0xF8,0x08,0x00,
 185          0x00,0x03,0x3E,0x01,0x3E,0x03,0x00,0x00,//"W",22
 186          
 187          0x08,0x18,0x68,0x80,0x80,0x68,0x18,0x08,
 188          0x20,0x30,0x2C,0x03,0x03,0x2C,0x30,0x20,//"X",23
 189          
 190          0x08,0x38,0xC8,0x00,0xC8,0x38,0x08,0x00,
 191          0x00,0x00,0x20,0x3F,0x20,0x00,0x00,0x00,//"Y",24
 192          
 193          0x10,0x08,0x08,0x08,0xC8,0x38,0x08,0x00,
 194          0x20,0x38,0x26,0x21,0x20,0x20,0x18,0x00,//"Z",25
 195          };
 196          
 197          code unsigned char t0[]=
 198          {
 199          0x00,0x00,0xC0,0x20,0x10,0x18,0x18,0x30,0x60,0xC0,0x00,0x00,
 200          0x00,0x00,0x03,0x03,0x06,0x06,0x06,0x06,0x02,0x01,0x00,0x00,//0
 201          0x00,0x00,0x38,0x1C,0x02,0x03,0x83,0xFF,0x3F,0x01,0x00,0x00,
 202          0x00,0x00,0x80,0x40,0x20,0x1C,0x0F,0x03,0x00,0x00,0x00,0x00,//1
 203          0x20,0x18,0x1C,0x06,0x87,0x87,0xC6,0x3C,0x1E,0x01,0x00,0x00,
 204          0x00,0x00,0x02,0x01,0x01,0x01,0x03,0x07,0x0E,0x18,0x60,0x80,//2
 205          0x10,0x08,0x0E,0x06,0x42,0x23,0x23,0xB2,0xEF,0x00,0x00,0x00,
 206          0x00,0x00,0x00,0x00,0x04,0x02,0x03,0x03,0x06,0x1C,0x78,0x00,//3
 207          0x40,0xE0,0x98,0x0C,0x1E,0x38,0x70,0x60,0xE0,0xC0,0x80,0x80,
 208          0x00,0x00,0x01,0x03,0x02,0x06,0x0C,0x0C,0x08,0x18,0x10,0x10,//4
 209          0x00,0x7C,0xFE,0xC0,0x60,0x30,0xFC,0xFE,0x03,0x01,0x00,0x00,
 210          0x00,0x00,0x00,0x00,0x00,0x00,0x00,0x03,0x0F,0x3C,0x40,0x80,//5
 211          0x00,0xF0,0xFC,0x0E,0x02,0x00,0x00,0x00,0x00,0x80,0xC0,0x40,
 212          0x00,0x03,0x0F,0x30,0x40,0x84,0x8C,0xFE,0x73,0x01,0x00,0x00,//6
 213          0x00,0x00,0x00,0x00,0x80,0xC0,0xC0,0x80,0x06,0x1F,0x1C,0xF0,
 214          0x00,0x08,0x0F,0xC3,0x60,0x20,0x3F,0x27,0x10,0x10,0x0C,0x03,//7
 215          0x00,0x20,0x20,0x30,0x30,0x30,0x78,0xEE,0xC3,0x80,0x00,0x00,
 216          0x00,0x00,0x00,0x00,0x00,0x00,0x00,0x00,0x01,0x07,0x38,0xC0,//8
 217          0x00,0x00,0x00,0xE0,0x70,0x0C,0x06,0x72,0xDE,0x8C,0x00,0x00,
 218          0x00,0x00,0x3F,0xCF,0x00,0x00,0x00,0x00,0x00,0x01,0x01,0x00,//9
 219          };


MODULE INFORMATION:   STATIC OVERLAYABLE
   CODE SIZE        =   ----    ----
   CONSTANT SIZE    =   1282    ----
   XDATA SIZE       =   ----    ----
   PDATA SIZE       =   ----    ----
   DATA SIZE        =   ----    ----
   IDATA SIZE       =   ----    ----
   BIT SIZE         =   ----    ----
END OF MODULE INFORMATION.


C51 COMPILATION COMPLETE.  0 WARNING(S),  0 ERROR(S)
