C51 COMPILER V9.54   LED                                                                   02/27/2019 21:15:39 PAGE 1   


C51 COMPILER V9.54, COMPILATION OF MODULE LED
OBJECT MODULE PLACED IN .\Output\led.obj
COMPILER INVOKED BY: D:\keil\C51\BIN\C51.EXE Code\led.c ROM(COMPACT) OPTIMIZE(8,SIZE) BROWSE INCDIR(..\..\Include;..\Inc
                    -lude) DEFINE(FOSC_160000) DEBUG OBJECTEXTEND PRINT(.\LST\led.lst) OBJECT(.\Output\led.obj)

line level    source

   1          
   2          
   3          #include "N76E003.h"
   4          #include "SFR_Macro.h"
   5          #include "Function_define.h"
   6          #include "led.h"
   7          #include "motor.h"
   8          
   9          #define LED1_OUTPUT             P13_PushPull_Mode
  10          #define LED2_OUTPUT             P00_PushPull_Mode
  11          #define LED3_OUTPUT             P01_PushPull_Mode
  12          #define LED4_OUTPUT             P03_PushPull_Mode
  13          #define LED_R_OUTPUT    P10_PushPull_Mode
  14          #define LED_G_OUTPUT    P11_PushPull_Mode
  15          #define LED_B_OUTPUT    P15_PushPull_Mode
  16          
  17          #define LED1_SETTING(x)         P13 = x
  18          #define LED2_SETTING(x)         P00 = x
  19          #define LED3_SETTING(x)         P01 = x
  20          #define LED4_SETTING(x)         P03 = x
  21          #define LED_R_SETTING(x)        P10 = x
  22          #define LED_G_SETTING(x)        P11 = x
  23          #define LED_B_SETTING(x)        P15 = x
  24          
  25          extern unsigned char is_5ms_Flag;
  26          
  27          char led_white_mode;
  28          bit led_rgb_mode;
  29          bit led_white_tog;
  30          unsigned int led_display_time = 0;
  31          
  32          void Init_LED(void)
  33          {
  34   1              LED1_OUTPUT;
  35   1              LED2_OUTPUT;
  36   1              LED3_OUTPUT;
  37   1              LED4_OUTPUT;
  38   1              LED1_SETTING(0);
  39   1              LED2_SETTING(0);
  40   1              LED3_SETTING(0);
  41   1              LED4_SETTING(0);        
  42   1              
  43   1              LED_R_OUTPUT;
  44   1              LED_G_OUTPUT;
  45   1              LED_B_OUTPUT;
  46   1              
  47   1              LED_R_SETTING(0);
  48   1              LED_G_SETTING(0);
  49   1              LED_B_SETTING(0);
  50   1              
  51   1              led_white_mode = 0;
  52   1              led_rgb_mode = 0;
  53   1      }
  54          
C51 COMPILER V9.54   LED                                                                   02/27/2019 21:15:39 PAGE 2   

  55          void DeInit_LED(void)
  56          {
  57   1              P13_OpenDrain_Mode;
  58   1              P00_OpenDrain_Mode;
  59   1              P01_OpenDrain_Mode;
  60   1              P03_OpenDrain_Mode;
  61   1              P10_OpenDrain_Mode;
  62   1              P11_OpenDrain_Mode;
  63   1              P15_OpenDrain_Mode;
  64   1      }
  65          /*
  66          led_type:       LED Or RGB(0:1)
  67          led_value: led value
  68          led_mode:       Normal or Flash(0:1)
  69          */
  70          void LED_WHITE_Set_value(unsigned char led_value)
  71          {
  72   1              LED1_SETTING(led_value&LED1);
  73   1              led_value = led_value >> 1;
  74   1              LED2_SETTING(led_value&LED1);
  75   1              led_value = led_value >> 1;
  76   1              LED3_SETTING(led_value&LED1);
  77   1              led_value = led_value >> 1;
  78   1              LED4_SETTING(led_value&LED1);   
  79   1      }
  80          void LED_WHITE_Setting(unsigned char led_value,unsigned char led_mode)
  81          {
  82   1              led_white_mode = led_mode;
  83   1              LED_WHITE_Set_value(led_value);
  84   1              led_display_time = 0;
  85   1              led_white_tog = 0;
  86   1      }
  87          
  88          void LED_RGB_Set_value(unsigned char led_value)
  89          {
  90   1      //      LED_R_SETTING(led_value&LEDR);
  91   1      //      #warning "need update RGB-LED "
  92   1      //      if (led_value&LEDR)
  93   1      //      {
  94   1      //              LED_G_SETTING(1);
  95   1      //              LED_B_SETTING(1);
  96   1      //      }
  97   1      //      else
  98   1      //      {
  99   1      //              led_value = led_value >> 1;
 100   1      //              LED_B_SETTING(led_value&LEDR);
 101   1      //              led_value = led_value >> 1;
 102   1      //              LED_G_SETTING(led_value&LEDR);  
 103   1      //      }
 104   1                      
 105   1                      LED_R_SETTING(led_value&LEDR);
 106   1                      led_value = led_value >> 1;
 107   1                      LED_B_SETTING(led_value&LEDR);  
 108   1                      led_value = led_value >> 1;     
 109   1                      LED_G_SETTING(led_value&LEDR);
 110   1      }
 111          void LED_RGB_Setting(unsigned char led_value,unsigned char led_mode)
 112          {
 113   1              led_rgb_mode = led_mode;
 114   1              LED_RGB_Set_value(led_value);
 115   1      }
 116          
C51 COMPILER V9.54   LED                                                                   02/27/2019 21:15:39 PAGE 3   

 117          void LED_Process(unsigned char led_value)
 118          {
 119   1              if (led_white_mode == 1)
 120   1              {
 121   2                      if (led_display_time == 600)
 122   2                      {
 123   3                              led_display_time = 0;
 124   3                              if (led_white_tog == 0)
 125   3                              {
 126   4                                      led_white_tog = 1;
 127   4                                      led_display_time = 1;
 128   4                                      LED_WHITE_Set_value(0);
 129   4                              }
 130   3                              else
 131   3                              {
 132   4                                      led_white_tog = 0;
 133   4                                      led_display_time = 0;
 134   4                                      LED_WHITE_Set_value(led_value);
 135   4                              }
 136   3                      }
 137   2              }
 138   1              else if (led_white_mode == 2)
 139   1              {
 140   2                      if (led_display_time == 200)
 141   2                      {
 142   3                              led_display_time = 0;
 143   3                              if (led_white_tog == 0)
 144   3                              {
 145   4                                      led_white_tog = 1;
 146   4                                      led_display_time = 1;
 147   4                                      led_value = (led_value<<1) + 1;
 148   4                                      LED_WHITE_Set_value(led_value);
 149   4                              }
 150   3                              else
 151   3                              {
 152   4                                      led_white_tog = 0;
 153   4                                      led_display_time = 0;
 154   4                                      LED_WHITE_Set_value(led_value);
 155   4                              }
 156   3                      }               
 157   2              }
 158   1              
 159   1              if (led_rgb_mode)
 160   1              {
 161   2              }
 162   1      }


MODULE INFORMATION:   STATIC OVERLAYABLE
   CODE SIZE        =    249    ----
   CONSTANT SIZE    =   ----    ----
   XDATA SIZE       =   ----    ----
   PDATA SIZE       =   ----    ----
   DATA SIZE        =      3    ----
   IDATA SIZE       =   ----    ----
   BIT SIZE         =      2    ----
END OF MODULE INFORMATION.


C51 COMPILATION COMPLETE.  0 WARNING(S),  0 ERROR(S)
