C51 COMPILER V9.54   PUTCHAR                                                               02/28/2019 21:34:57 PAGE 1   


C51 COMPILER V9.54, COMPILATION OF MODULE PUTCHAR
OBJECT MODULE PLACED IN .\Output\PUTCHAR.obj
COMPILER INVOKED BY: D:\keil\C51\BIN\C51.EXE Code\PUTCHAR.C ROM(COMPACT) OPTIMIZE(8,SIZE) BROWSE INCDIR(..\..\Include;..
                    -\Include) DEFINE(FOSC_160000) DEBUG OBJECTEXTEND PRINT(.\LST\PUTCHAR.lst) OBJECT(.\Output\PUTCHAR.obj)

line level    source

   1          /***********************************************************************/
   2          /*  This file is part of the C51 Compiler package                      */
   3          /*  Copyright KEIL ELEKTRONIK GmbH 1990 - 2002                         */
   4          /***********************************************************************/
   5          /*                                                                     */
   6          /*  PUTCHAR.C:  This routine is the general character output of C51.   */
   7          /*  You may add this file to a uVision2 project.                       */
   8          /*                                                                     */
   9          /*  To translate this file use C51 with the following invocation:      */
  10          /*     C51 PUTCHAR.C <memory model>                                    */
  11          /*                                                                     */
  12          /*  To link the modified PUTCHAR.OBJ file to your application use the  */
  13          /*  following Lx51 invocation:                                         */
  14          /*     Lx51 <your object file list>, PUTCHAR.OBJ <controls>            */
  15          /*                                                                     */
  16          /***********************************************************************/
  17          
  18          //#include <reg51.h>
  19          #include "N76E003.h"
  20          
  21          #define XON  0x11
  22          #define XOFF 0x13
  23          
  24          #if 0
              /****************************************************************************/
              /* Define putchar send from UART1, printf function will send from P1.6(TXD_1)
              /* NOTICE: Since UART1 pin is multi-function with OCD DATA/CLK pin.
              /* Suggest download than use run with realchip but not OCD mode.
              /****************************************************************************/
              char putchar (char c)
              {
                              while (!TI_1);  /* wait until transmitter ready */
                              TI_1 = 0;
                              SBUF_1 = c;      /* output character */
                              return (c);
              }
              #else
  38          /*
  39           * putchar (full version):  expands '\n' into CR LF and handles
  40           *                          XON/XOFF (Ctrl+S/Ctrl+Q) protocol
  41           */
  42          char putchar (char c)  {
  43   1      
  44   1        if (c == '\n')  {
  45   2          if (RI)  {
  46   3            if (SBUF == XOFF)  {
  47   4              do  {
  48   5                RI = 0;
  49   5                while (!RI);
  50   5              }
  51   4              while (SBUF != XON);
  52   4              RI = 0; 
  53   4            }
  54   3          }
C51 COMPILER V9.54   PUTCHAR                                                               02/28/2019 21:34:57 PAGE 2   

  55   2          while (!TI);
  56   2          TI = 0;
  57   2          SBUF = 0x0d;                         /* output CR  */
  58   2        }
  59   1        if (RI)  {
  60   2          if (SBUF == XOFF)  {
  61   3            do  {
  62   4              RI = 0;
  63   4              while (!RI);
  64   4            }
  65   3            while (SBUF != XON);
  66   3            RI = 0; 
  67   3          }
  68   2        }
  69   1        while (!TI);
  70   1        TI = 0;
  71   1        return (SBUF = c);
  72   1      }
  73          #endif
  74          
  75          
  76          #if 0         // comment out versions below
              
              /*
               * putchar (basic version): expands '\n' into CR LF
               */
              char putchar (char c)  {
                if (c == '\n')  {
                  while (!TI);
                  TI = 0;
                  SBUF = 0x0d;                         /* output CR  */
                }
                while (!TI);
                TI = 0;
                return (SBUF = c);
              }
              
              
              /*
               * putchar (mini version): outputs charcter only
               */
              char putchar (char c)  {
                while (!TI);
                TI = 0;
                return (SBUF = c);
              }
              
              #endif


MODULE INFORMATION:   STATIC OVERLAYABLE
   CODE SIZE        =     61    ----
   CONSTANT SIZE    =   ----    ----
   XDATA SIZE       =   ----    ----
   PDATA SIZE       =   ----    ----
   DATA SIZE        =   ----    ----
   IDATA SIZE       =   ----    ----
   BIT SIZE         =   ----    ----
END OF MODULE INFORMATION.


C51 COMPILATION COMPLETE.  0 WARNING(S),  0 ERROR(S)
